{
  "RSpec": {
    "coverage": {
      "/Users/henry/Bagsos/app/mailers/application_mailer.rb": [
        null,
        null,
        0,
        0,
        0,
        0
      ],
      "/Users/henry/Bagsos/app/models/application_record.rb": [
        null,
        null,
        0,
        0,
        0
      ],
      "/Users/henry/Bagsos/app/models/task.rb": [
        0,
        0
      ],
      "/Users/henry/Bagsos/app/jobs/application_job.rb": [
        null,
        null,
        0,
        0
      ],
      "/Users/henry/Bagsos/app/controllers/application_controller.rb": [
        null,
        null,
        0,
        0
      ],
      "/Users/henry/Bagsos/app/helpers/application_helper.rb": [
        null,
        null,
        0,
        0
      ],
      "/Users/henry/Bagsos/app/channels/application_cable/connection.rb": [
        null,
        null,
        0,
        0,
        0,
        0
      ],
      "/Users/henry/Bagsos/app/channels/application_cable/channel.rb": [
        null,
        null,
        0,
        0,
        0,
        0
      ]
    },
    "timestamp": 1557848030
  }
}
