{
  "RSpec": {
    "coverage": {
      "/Users/evelynblazquez/MAKERS-Projects/Bagsos/spec/controllers/tasks_controller_spec.rb": [
        1,
        null,
        1,
        null,
        null
      ],
      "/Users/evelynblazquez/MAKERS-Projects/Bagsos/spec/rails_helper.rb": [
        null,
        null,
        null,
        1,
        1,
        null,
        1,
        1,
        1,
        null,
        null,
        null,
        null,
        null,
        null,
        null,
        null,
        null,
        null,
        null,
        null,
        null,
        null,
        null,
        null,
        null,
        null,
        null,
        1,
        null,
        1,
        null,
        1,
        null,
        null,
        null,
        null,
        1,
        null,
        null,
        null,
        null,
        null,
        null,
        null,
        null,
        null,
        null,
        null,
        null,
        null,
        null,
        1,
        null,
        null,
        1,
        null,
        null,
        null
      ],
      "/Users/evelynblazquez/MAKERS-Projects/Bagsos/config/environment.rb": [
        null,
        null,
        null,
        1,
        null,
        null,
        1
      ],
      "/Users/evelynblazquez/MAKERS-Projects/Bagsos/config/application.rb": [
        null,
        null,
        1,
        null,
        1,
        null,
        null,
        null,
        1,
        null,
        1,
        1,
        null,
        1,
        null,
        null,
        null,
        null,
        null,
        null,
        null
      ],
      "/Users/evelynblazquez/MAKERS-Projects/Bagsos/config/boot.rb": [
        null,
        null,
        1,
        null,
        1,
        1
      ],
      "/Users/evelynblazquez/MAKERS-Projects/Bagsos/config/environments/test.rb": [
        null,
        null,
        1,
        null,
        null,
        null,
        null,
        null,
        null,
        1,
        null,
        null,
        null,
        null,
        1,
        null,
        null,
        1,
        1,
        null,
        null,
        null,
        null,
        1,
        1,
        null,
        null,
        1,
        null,
        null,
        1,
        null,
        null,
        1,
        null,
        1,
        null,
        null,
        null,
        null,
        1,
        null,
        null,
        1,
        null,
        null,
        null,
        null
      ],
      "/Users/evelynblazquez/MAKERS-Projects/Bagsos/config/initializers/application_controller_renderer.rb": [
        null,
        null,
        null,
        null,
        null,
        null,
        null,
        null,
        null,
        null
      ],
      "/Users/evelynblazquez/MAKERS-Projects/Bagsos/config/initializers/assets.rb": [
        null,
        null,
        null,
        null,
        null,
        1,
        null,
        null,
        null,
        null,
        1,
        null,
        null,
        null,
        null,
        null
      ],
      "/Users/evelynblazquez/MAKERS-Projects/Bagsos/config/initializers/backtrace_silencers.rb": [
        null,
        null,
        null,
        null,
        null,
        null,
        null,
        null,
        null
      ],
      "/Users/evelynblazquez/MAKERS-Projects/Bagsos/config/initializers/content_security_policy.rb": [
        null,
        null,
        null,
        null,
        null,
        null,
        null,
        null,
        null,
        null,
        null,
        null,
        null,
        null,
        null,
        null,
        null,
        null,
        null,
        null,
        null,
        null,
        null,
        null,
        null,
        null,
        null
      ],
      "/Users/evelynblazquez/MAKERS-Projects/Bagsos/config/initializers/cookies_serializer.rb": [
        null,
        null,
        null,
        null,
        null,
        null,
        1
      ],
      "/Users/evelynblazquez/MAKERS-Projects/Bagsos/config/initializers/filter_parameter_logging.rb": [
        null,
        null,
        null,
        null,
        null,
        1
      ],
      "/Users/evelynblazquez/MAKERS-Projects/Bagsos/config/initializers/inflections.rb": [
        null,
        null,
        null,
        null,
        null,
        null,
        null,
        null,
        null,
        null,
        null,
        null,
        null,
        null,
        null,
        null,
        null,
        null
      ],
      "/Users/evelynblazquez/MAKERS-Projects/Bagsos/config/initializers/mime_types.rb": [
        null,
        null,
        null,
        null,
        null,
        null
      ],
      "/Users/evelynblazquez/MAKERS-Projects/Bagsos/config/initializers/wrap_parameters.rb": [
        null,
        null,
        null,
        null,
        null,
        null,
        null,
        null,
        1,
        2,
        null,
        null,
        null,
        null,
        null,
        null
      ],
      "/Users/evelynblazquez/MAKERS-Projects/Bagsos/config/routes.rb": [
        null,
        null,
        1,
        1,
        1,
        1,
        null
      ],
      "/Users/evelynblazquez/MAKERS-Projects/Bagsos/app/helpers/application_helper.rb": [
        null,
        null,
        1,
        null
      ],
      "/Users/evelynblazquez/MAKERS-Projects/Bagsos/app/helpers/tasks_helper.rb": [
        1,
        null
      ],
      "/Users/evelynblazquez/MAKERS-Projects/Bagsos/app/controllers/tasks_controller.rb": [
        1,
        null,
        1,
        null,
        null,
        null,
        1,
        1,
        null,
        null,
        1,
        1,
        null,
        1,
        1,
        null,
        null
      ],
      "/Users/evelynblazquez/MAKERS-Projects/Bagsos/app/controllers/application_controller.rb": [
        null,
        null,
        1,
        null
      ],
      "/Users/evelynblazquez/MAKERS-Projects/Bagsos/spec/features/creating_tasks_spec.rb": [
        null,
        null,
        1,
        null,
        1,
        1,
        1,
        1,
        1,
        1,
        1,
        1,
        null,
        null
      ],
      "/Users/evelynblazquez/MAKERS-Projects/Bagsos/spec/helpers/tasks_helper_spec.rb": [
        1,
        null,
        null,
        null,
        null,
        null,
        null,
        null,
        null,
        null,
        null,
        null,
        1,
        1,
        null
      ],
      "/Users/evelynblazquez/MAKERS-Projects/Bagsos/app/models/task.rb": [
        1,
        null
      ],
      "/Users/evelynblazquez/MAKERS-Projects/Bagsos/app/models/application_record.rb": [
        null,
        null,
        1,
        1,
        null
      ]
    },
    "timestamp": 1557849826
  }
}
